#
# There is insufficient memory for the Java Runtime Environment to continue.
# Native memory allocation (malloc) failed to allocate 32744 bytes. Error detail: Chunk::new
# Possible reasons:
#   The system is out of physical RAM or swap space
#   This process is running with CompressedOops enabled, and the Java Heap may be blocking the growth of the native heap
# Possible solutions:
#   Reduce memory load on the system
#   Increase physical memory or swap space
#   Check if swap backing store is full
#   Decrease Java heap size (-Xmx/-Xms)
#   Decrease number of Java threads
#   Decrease Java thread stack sizes (-Xss)
#   Set larger code cache with -XX:ReservedCodeCacheSize=
#   JVM is running with Unscaled Compressed Oops mode in which the Java heap is
#     placed in the first 4GB address space. The Java Heap base address is the
#     maximum limit for the native heap growth. Please use -XX:HeapBaseMinAddress
#     to set the Java Heap base and to place the Java Heap above 4GB virtual address.
# This output file may be truncated or incomplete.
#
#  Out of Memory Error (arena.cpp:168), pid=7096, tid=25308
#
# JRE version: OpenJDK Runtime Environment Temurin-21.0.8+9 (21.0.8+9) (build 21.0.8+9-LTS)
# Java VM: OpenJDK 64-Bit Server VM Temurin-21.0.8+9 (21.0.8+9-LTS, mixed mode, sharing, tiered, compressed oops, compressed class ptrs, parallel gc, windows-amd64)
# No core dump will be written. Minidumps are not enabled by default on client versions of Windows
#

---------------  S U M M A R Y ------------

Command Line: --add-modules=ALL-SYSTEM --add-opens=java.base/java.util=ALL-UNNAMED --add-opens=java.base/java.lang=ALL-UNNAMED --add-opens=java.base/sun.nio.fs=ALL-UNNAMED -Declipse.application=org.eclipse.jdt.ls.core.id1 -Dosgi.bundles.defaultStartLevel=4 -Declipse.product=org.eclipse.jdt.ls.core.product -Djava.import.generatesMetadataFilesAtProjectRoot=false -DDetectVMInstallationsJob.disabled=true -Dfile.encoding=utf8 -XX:+UseParallelGC -XX:GCTimeRatio=4 -XX:AdaptiveSizePolicyWeight=90 -Dsun.zip.disableMemoryMapping=true -Xmx2G -Xms100m -Xlog:disable -javaagent:c:\Users\mimit\.vscode\extensions\redhat.java-1.46.0-win32-x64\lombok\lombok-1.18.39-4050.jar -XX:+HeapDumpOnOutOfMemoryError -XX:HeapDumpPath=c:\Users\mimit\AppData\Roaming\Code\User\workspaceStorage\19b387b537818536210b51fd068d6264\redhat.java -Daether.dependencyCollector.impl=bf c:\Users\mimit\.vscode\extensions\redhat.java-1.46.0-win32-x64\server\plugins\org.eclipse.equinox.launcher_1.7.0.v20250519-0528.jar -configuration c:\Users\mimit\AppData\Roaming\Code\User\globalStorage\redhat.java\1.46.0\config_win -data c:\Users\mimit\AppData\Roaming\Code\User\workspaceStorage\19b387b537818536210b51fd068d6264\redhat.java\jdt_ws --pipe=\\.\pipe\lsp-d845824392ed1fb47b4d1c5dae289b2a-sock

Host: AMD Ryzen 5 5500U with Radeon Graphics         , 12 cores, 15G,  Windows 10 , 64 bit Build 19041 (10.0.19041.5915)
Time: Sun Oct 19 19:44:52 2025 W. Europe Summer Time elapsed time: 8.541895 seconds (0d 0h 0m 8s)

---------------  T H R E A D  ---------------

Current thread (0x000001336443d820):  JavaThread "C1 CompilerThread0" daemon [_thread_in_native, id=25308, stack(0x0000000ae2d00000,0x0000000ae2e00000) (1024K)]


Current CompileTask:
C1:8542 1779       3       java.net.URL::<init> (438 bytes)

Stack: [0x0000000ae2d00000,0x0000000ae2e00000]
Native frames: (J=compiled Java code, j=interpreted, Vv=VM code, C=native code)
V  [jvm.dll+0x6d2449]
V  [jvm.dll+0x8ae341]
V  [jvm.dll+0x8b08be]
V  [jvm.dll+0x8b0fa3]
V  [jvm.dll+0x280c96]
V  [jvm.dll+0xc581d]
V  [jvm.dll+0xc5d53]
V  [jvm.dll+0x1585a5]
V  [jvm.dll+0x16b7de]
V  [jvm.dll+0x16a888]
V  [jvm.dll+0x154104]
V  [jvm.dll+0x1543b3]
V  [jvm.dll+0x154684]
V  [jvm.dll+0x153ab6]
V  [jvm.dll+0x15588d]
V  [jvm.dll+0x257d4d]
V  [jvm.dll+0x2562ea]
V  [jvm.dll+0x3f2d16]
V  [jvm.dll+0x857e6b]
V  [jvm.dll+0x6d0b0d]
C  [ucrtbase.dll+0x21bb2]
C  [KERNEL32.DLL+0x17374]
C  [ntdll.dll+0x4cc91]


---------------  P R O C E S S  ---------------

Threads class SMR info:
_java_thread_list=0x0000013369799240, length=12, elements={
0x00000133087ca930, 0x000001330aa45a10, 0x000001330aa47920, 0x000001330aa4a710,
0x000001330aa4d630, 0x0000013364433840, 0x0000013364437b40, 0x0000013364438970,
0x000001336443d820, 0x000001330aafecf0, 0x0000013364774b50, 0x00000133697b9420
}

Java Threads: ( => current thread )
  0x00000133087ca930 JavaThread "main"                              [_thread_in_native, id=12020, stack(0x0000000ae2200000,0x0000000ae2300000) (1024K)]
  0x000001330aa45a10 JavaThread "Reference Handler"          daemon [_thread_blocked, id=26000, stack(0x0000000ae2600000,0x0000000ae2700000) (1024K)]
  0x000001330aa47920 JavaThread "Finalizer"                  daemon [_thread_blocked, id=23032, stack(0x0000000ae2700000,0x0000000ae2800000) (1024K)]
  0x000001330aa4a710 JavaThread "Signal Dispatcher"          daemon [_thread_blocked, id=18052, stack(0x0000000ae2800000,0x0000000ae2900000) (1024K)]
  0x000001330aa4d630 JavaThread "Attach Listener"            daemon [_thread_blocked, id=10616, stack(0x0000000ae2900000,0x0000000ae2a00000) (1024K)]
  0x0000013364433840 JavaThread "Service Thread"             daemon [_thread_blocked, id=13596, stack(0x0000000ae2a00000,0x0000000ae2b00000) (1024K)]
  0x0000013364437b40 JavaThread "Monitor Deflation Thread"   daemon [_thread_blocked, id=19084, stack(0x0000000ae2b00000,0x0000000ae2c00000) (1024K)]
  0x0000013364438970 JavaThread "C2 CompilerThread0"         daemon [_thread_blocked, id=25900, stack(0x0000000ae2c00000,0x0000000ae2d00000) (1024K)]
=>0x000001336443d820 JavaThread "C1 CompilerThread0"         daemon [_thread_in_native, id=25308, stack(0x0000000ae2d00000,0x0000000ae2e00000) (1024K)]
  0x000001330aafecf0 JavaThread "Common-Cleaner"             daemon [_thread_blocked, id=3024, stack(0x0000000ae2e00000,0x0000000ae2f00000) (1024K)]
  0x0000013364774b50 JavaThread "Notification Thread"        daemon [_thread_blocked, id=3532, stack(0x0000000ae2f00000,0x0000000ae3000000) (1024K)]
  0x00000133697b9420 JavaThread "Active Thread: Equinox Container: 2b358bff-9822-4fb8-a465-493e732d8276"        [_thread_blocked, id=15916, stack(0x0000000ae3800000,0x0000000ae3900000) (1024K)]
Total: 12

Other Threads:
  0x000001330ab53a40 VMThread "VM Thread"                           [id=24864, stack(0x0000000ae2500000,0x0000000ae2600000) (1024K)]
  0x000001330aafd610 WatcherThread "VM Periodic Task Thread"        [id=908, stack(0x0000000ae2400000,0x0000000ae2500000) (1024K)]
  0x000001330aab0c30 WorkerThread "GC Thread#0"                     [id=17744, stack(0x0000000ae2300000,0x0000000ae2400000) (1024K)]
  0x000001336958aa40 WorkerThread "GC Thread#1"                     [id=23044, stack(0x0000000ae3100000,0x0000000ae3200000) (1024K)]
  0x0000013369795fe0 WorkerThread "GC Thread#2"                     [id=17044, stack(0x0000000ae3200000,0x0000000ae3300000) (1024K)]
  0x000001336942dfa0 WorkerThread "GC Thread#3"                     [id=26072, stack(0x0000000ae3300000,0x0000000ae3400000) (1024K)]
  0x0000013369221fb0 WorkerThread "GC Thread#4"                     [id=16936, stack(0x0000000ae3400000,0x0000000ae3500000) (1024K)]
  0x0000013369222760 WorkerThread "GC Thread#5"                     [id=17120, stack(0x0000000ae3500000,0x0000000ae3600000) (1024K)]
  0x00000133696cbf40 WorkerThread "GC Thread#6"                     [id=2692, stack(0x0000000ae3600000,0x0000000ae3700000) (1024K)]
Total: 9

Threads with active compile tasks:
C1 CompilerThread0  8599 1779       3       java.net.URL::<init> (438 bytes)
Total: 1

VM state: not at safepoint (normal execution)

VM Mutex/Monitor currently owned by a thread: None

Heap address: 0x0000000080000000, size: 2048 MB, Compressed Oops mode: 32-bit

CDS archive(s) mapped at: [0x0000013322000000-0x0000013322ba0000-0x0000013322ba0000), size 12189696, SharedBaseAddress: 0x0000013322000000, ArchiveRelocationMode: 1.
Compressed class space mapped at: 0x0000013323000000-0x0000013363000000, reserved size: 1073741824
Narrow klass base: 0x0000013322000000, Narrow klass shift: 0, Narrow klass range: 0x100000000

GC Precious Log:
 CardTable entry size: 512
 CPUs: 12 total, 12 available
 Memory: 15772M
 Large Page Support: Disabled
 NUMA Support: Disabled
 Compressed Oops: Enabled (32-bit)
 Alignments: Space 512K, Generation 512K, Heap 2M
 Heap Min Capacity: 100M
 Heap Initial Capacity: 100M
 Heap Max Capacity: 2G
 Pre-touch: Disabled
 Parallel Workers: 10

Heap:
 PSYoungGen      total 29696K, used 28468K [0x00000000d5580000, 0x00000000d7680000, 0x0000000100000000)
  eden space 25600K, 98% used [0x00000000d5580000,0x00000000d6e09060,0x00000000d6e80000)
  from space 4096K, 81% used [0x00000000d6e80000,0x00000000d71c40c8,0x00000000d7280000)
  to   space 4096K, 0% used [0x00000000d7280000,0x00000000d7280000,0x00000000d7680000)
 ParOldGen       total 68608K, used 16K [0x0000000080000000, 0x0000000084300000, 0x00000000d5580000)
  object space 68608K, 0% used [0x0000000080000000,0x0000000080004000,0x0000000084300000)
 Metaspace       used 7932K, committed 8192K, reserved 1114112K
  class space    used 829K, committed 960K, reserved 1048576K

Card table byte_map: [0x000001330a440000,0x000001330a850000] _byte_map_base: 0x000001330a040000

Marking Bits: (ParMarkBitMap*) 0x00007ffacab3a340
 Begin Bits: [0x000001331cf40000, 0x000001331ef40000)
 End Bits:   [0x000001331ef40000, 0x0000013320f40000)

Polling page: 0x0000013308920000

Metaspace:

Usage:
  Non-class:      6.94 MB used.
      Class:    829.95 KB used.
       Both:      7.75 MB used.

Virtual space:
  Non-class space:       64.00 MB reserved,       7.06 MB ( 11%) committed,  1 nodes.
      Class space:        1.00 GB reserved,     960.00 KB ( <1%) committed,  1 nodes.
             Both:        1.06 GB reserved,       8.00 MB ( <1%) committed. 

Chunk freelists:
   Non-Class:  8.84 MB
       Class:  14.91 MB
        Both:  23.75 MB

MaxMetaspaceSize: unlimited
CompressedClassSpaceSize: 1.00 GB
Initial GC threshold: 21.00 MB
Current GC threshold: 21.00 MB
CDS: on
 - commit_granule_bytes: 65536.
 - commit_granule_words: 8192.
 - virtual_space_node_default_size: 8388608.
 - enlarge_chunks_in_place: 1.
 - use_allocation_guard: 0.


Internal statistics:

num_allocs_failed_limit: 0.
num_arena_births: 228.
num_arena_deaths: 0.
num_vsnodes_births: 2.
num_vsnodes_deaths: 0.
num_space_committed: 128.
num_space_uncommitted: 0.
num_chunks_returned_to_freelist: 0.
num_chunks_taken_from_freelist: 419.
num_chunk_merges: 0.
num_chunk_splits: 266.
num_chunks_enlarged: 180.
num_inconsistent_stats: 0.

CodeHeap 'non-profiled nmethods': size=120000Kb used=778Kb max_used=778Kb free=119221Kb
 bounds [0x0000013315760000, 0x00000133159d0000, 0x000001331cc90000]
CodeHeap 'profiled nmethods': size=120000Kb used=3168Kb max_used=3168Kb free=116831Kb
 bounds [0x000001330dc90000, 0x000001330dfb0000, 0x00000133151c0000]
CodeHeap 'non-nmethods': size=5760Kb used=1217Kb max_used=1239Kb free=4542Kb
 bounds [0x00000133151c0000, 0x0000013315430000, 0x0000013315760000]
CodeCache: size=245760Kb, used=5163Kb, max_used=5185Kb, free=240594Kb
 total_blobs=2259, nmethods=1776, adapters=390, full_count=0
Compilation: enabled, stopped_count=0, restarted_count=0

Compilation events (20 events):
Event: 6.165 Thread 0x0000013364438970 nmethod 1769 0x0000013315822310 code [0x00000133158224a0, 0x0000013315822530]
Event: 6.591 Thread 0x000001336443d820 1770       3       org.eclipse.osgi.internal.framework.EquinoxConfiguration$ConfigValues::internalGet (24 bytes)
Event: 6.592 Thread 0x000001336443d820 nmethod 1770 0x000001330dfa3a90 code [0x000001330dfa3ca0, 0x000001330dfa4298]
Event: 6.592 Thread 0x000001336443d820 1771       3       java.lang.ThreadLocal::getMap (5 bytes)
Event: 6.593 Thread 0x000001336443d820 nmethod 1771 0x000001330dfa4490 code [0x000001330dfa4620, 0x000001330dfa4738]
Event: 6.694 Thread 0x000001336443d820 1772       3       java.io.File::isAbsolute (8 bytes)
Event: 6.695 Thread 0x000001336443d820 nmethod 1772 0x000001330dfa4810 code [0x000001330dfa49c0, 0x000001330dfa4b10]
Event: 6.695 Thread 0x000001336443d820 1773       3       java.io.WinNTFileSystem::isAbsolute (36 bytes)
Event: 6.696 Thread 0x000001336443d820 nmethod 1773 0x000001330dfa4b90 code [0x000001330dfa4da0, 0x000001330dfa5430]
Event: 6.729 Thread 0x000001336443d820 1774       3       java.lang.ThreadLocal::get (35 bytes)
Event: 6.730 Thread 0x000001336443d820 nmethod 1774 0x000001330dfa5710 code [0x000001330dfa58e0, 0x000001330dfa5be8]
Event: 6.803 Thread 0x0000013364438970 1775       4       sun.nio.fs.WindowsPathParser::isInvalidPathChar (22 bytes)
Event: 6.805 Thread 0x0000013364438970 nmethod 1775 0x0000013315822610 code [0x00000133158227a0, 0x0000013315822958]
Event: 7.710 Thread 0x000001336443d820 1776       3       sun.net.util.IPAddressUtil::checkUserInfo (44 bytes)
Event: 7.711 Thread 0x000001336443d820 nmethod 1776 0x000001330dfa5d90 code [0x000001330dfa6020, 0x000001330dfa6a68]
Event: 7.711 Thread 0x000001336443d820 1777       3       sun.net.util.IPAddressUtil::scan (62 bytes)
Event: 7.712 Thread 0x000001336443d820 nmethod 1777 0x000001330dfa6f10 code [0x000001330dfa7160, 0x000001330dfa7a20]
Event: 7.780 Thread 0x000001336443d820 1778       3       java.util.Collections::emptyIterator (4 bytes)
Event: 7.781 Thread 0x000001336443d820 nmethod 1778 0x000001330dfa7e10 code [0x000001330dfa7fa0, 0x000001330dfa8098]
Event: 8.536 Thread 0x000001336443d820 1779       3       java.net.URL::<init> (438 bytes)

GC Heap History (2 events):
Event: 2.724 GC heap before
{Heap before GC invocations=1 (full 0):
 PSYoungGen      total 29696K, used 25600K [0x00000000d5580000, 0x00000000d7680000, 0x0000000100000000)
  eden space 25600K, 100% used [0x00000000d5580000,0x00000000d6e80000,0x00000000d6e80000)
  from space 4096K, 0% used [0x00000000d7280000,0x00000000d7280000,0x00000000d7680000)
  to   space 4096K, 0% used [0x00000000d6e80000,0x00000000d6e80000,0x00000000d7280000)
 ParOldGen       total 68608K, used 0K [0x0000000080000000, 0x0000000084300000, 0x00000000d5580000)
  object space 68608K, 0% used [0x0000000080000000,0x0000000080000000,0x0000000084300000)
 Metaspace       used 4320K, committed 4608K, reserved 1114112K
  class space    used 471K, committed 576K, reserved 1048576K
}
Event: 2.742 GC heap after
{Heap after GC invocations=1 (full 0):
 PSYoungGen      total 29696K, used 3344K [0x00000000d5580000, 0x00000000d7680000, 0x0000000100000000)
  eden space 25600K, 0% used [0x00000000d5580000,0x00000000d5580000,0x00000000d6e80000)
  from space 4096K, 81% used [0x00000000d6e80000,0x00000000d71c40c8,0x00000000d7280000)
  to   space 4096K, 0% used [0x00000000d7280000,0x00000000d7280000,0x00000000d7680000)
 ParOldGen       total 68608K, used 16K [0x0000000080000000, 0x0000000084300000, 0x00000000d5580000)
  object space 68608K, 0% used [0x0000000080000000,0x0000000080004000,0x0000000084300000)
 Metaspace       used 4320K, committed 4608K, reserved 1114112K
  class space    used 471K, committed 576K, reserved 1048576K
}

Dll operation events (8 events):
Event: 0.108 Loaded shared library c:\Users\mimit\.vscode\extensions\redhat.java-1.46.0-win32-x64\jre\21.0.8-win32-x86_64\bin\java.dll
Event: 0.899 Loaded shared library c:\Users\mimit\.vscode\extensions\redhat.java-1.46.0-win32-x64\jre\21.0.8-win32-x86_64\bin\zip.dll
Event: 0.954 Loaded shared library C:\Users\mimit\.vscode\extensions\redhat.java-1.46.0-win32-x64\jre\21.0.8-win32-x86_64\bin\instrument.dll
Event: 0.973 Loaded shared library C:\Users\mimit\.vscode\extensions\redhat.java-1.46.0-win32-x64\jre\21.0.8-win32-x86_64\bin\net.dll
Event: 0.981 Loaded shared library C:\Users\mimit\.vscode\extensions\redhat.java-1.46.0-win32-x64\jre\21.0.8-win32-x86_64\bin\nio.dll
Event: 0.990 Loaded shared library C:\Users\mimit\.vscode\extensions\redhat.java-1.46.0-win32-x64\jre\21.0.8-win32-x86_64\bin\zip.dll
Event: 1.043 Loaded shared library C:\Users\mimit\.vscode\extensions\redhat.java-1.46.0-win32-x64\jre\21.0.8-win32-x86_64\bin\jimage.dll
Event: 1.259 Loaded shared library c:\Users\mimit\.vscode\extensions\redhat.java-1.46.0-win32-x64\jre\21.0.8-win32-x86_64\bin\verify.dll

Deoptimization events (20 events):
Event: 3.864 Thread 0x00000133087ca930 Uncommon trap: trap_request=0xffffffde fr.pc=0x00000133157df0b4 relative=0x0000000000000a34
Event: 3.864 Thread 0x00000133087ca930 Uncommon trap: reason=class_check action=maybe_recompile pc=0x00000133157df0b4 method=java.util.HashMap.putVal(ILjava/lang/Object;Ljava/lang/Object;ZZ)Ljava/lang/Object; @ 253 c2
Event: 3.864 Thread 0x00000133087ca930 DEOPT PACKING pc=0x00000133157df0b4 sp=0x0000000ae22fdfd0
Event: 3.864 Thread 0x00000133087ca930 DEOPT UNPACKING pc=0x0000013315213aa2 sp=0x0000000ae22fdf60 mode 2
Event: 3.980 Thread 0x00000133087ca930 Uncommon trap: trap_request=0xffffff45 fr.pc=0x000001331580245c relative=0x00000000000000bc
Event: 3.981 Thread 0x00000133087ca930 Uncommon trap: reason=unstable_if action=reinterpret pc=0x000001331580245c method=java.util.LinkedHashMap.afterNodeAccess(Ljava/util/HashMap$Node;)V @ 19 c2
Event: 3.981 Thread 0x00000133087ca930 DEOPT PACKING pc=0x000001331580245c sp=0x0000000ae22fcab0
Event: 3.981 Thread 0x00000133087ca930 DEOPT UNPACKING pc=0x0000013315213aa2 sp=0x0000000ae22fca18 mode 2
Event: 3.983 Thread 0x00000133087ca930 DEOPT PACKING pc=0x000001330de13808 sp=0x0000000ae22fc180
Event: 3.983 Thread 0x00000133087ca930 DEOPT UNPACKING pc=0x0000013315214242 sp=0x0000000ae22fb600 mode 0
Event: 3.983 Thread 0x00000133087ca930 DEOPT PACKING pc=0x000001330dd8c306 sp=0x0000000ae22fc040
Event: 3.983 Thread 0x00000133087ca930 DEOPT UNPACKING pc=0x0000013315214242 sp=0x0000000ae22fb4c0 mode 0
Event: 3.985 Thread 0x00000133087ca930 DEOPT PACKING pc=0x000001330de13808 sp=0x0000000ae22fc490
Event: 3.985 Thread 0x00000133087ca930 DEOPT UNPACKING pc=0x0000013315214242 sp=0x0000000ae22fb910 mode 0
Event: 3.987 Thread 0x00000133087ca930 DEOPT PACKING pc=0x000001330dd8c306 sp=0x0000000ae22fc290
Event: 3.987 Thread 0x00000133087ca930 DEOPT UNPACKING pc=0x0000013315214242 sp=0x0000000ae22fb710 mode 0
Event: 3.988 Thread 0x00000133087ca930 DEOPT PACKING pc=0x000001330de13808 sp=0x0000000ae22fc3e0
Event: 3.988 Thread 0x00000133087ca930 DEOPT UNPACKING pc=0x0000013315214242 sp=0x0000000ae22fb860 mode 0
Event: 3.989 Thread 0x00000133087ca930 DEOPT PACKING pc=0x000001330de13808 sp=0x0000000ae22fc6e0
Event: 3.989 Thread 0x00000133087ca930 DEOPT UNPACKING pc=0x0000013315214242 sp=0x0000000ae22fbb60 mode 0

Classes loaded (20 events):
Event: 3.973 Loading class java/security/KeyStoreException
Event: 3.973 Loading class java/security/KeyStoreException done
Event: 4.021 Loading class java/util/LinkedList$Node
Event: 4.021 Loading class java/util/LinkedList$Node done
Event: 4.022 Loading class java/util/LinkedList$ListItr
Event: 4.022 Loading class java/util/LinkedList$ListItr done
Event: 4.024 Loading class java/lang/Thread$Builder$OfPlatform
Event: 4.025 Loading class java/lang/Thread$Builder
Event: 4.025 Loading class java/lang/Thread$Builder done
Event: 4.025 Loading class java/lang/Thread$Builder$OfPlatform done
Event: 4.025 Loading class java/lang/Thread$Builder$OfVirtual
Event: 4.025 Loading class java/lang/Thread$Builder$OfVirtual done
Event: 4.045 Loading class sun/nio/fs/WindowsChannelFactory
Event: 4.045 Loading class sun/nio/fs/WindowsChannelFactory done
Event: 4.045 Loading class sun/nio/fs/WindowsChannelFactory$1
Event: 4.045 Loading class sun/nio/fs/WindowsChannelFactory$1 done
Event: 4.045 Loading class sun/nio/fs/WindowsChannelFactory$Flags
Event: 4.045 Loading class sun/nio/fs/WindowsChannelFactory$Flags done
Event: 4.046 Loading class sun/nio/ch/FileChannelImpl$Closer
Event: 4.046 Loading class sun/nio/ch/FileChannelImpl$Closer done

Classes unloaded (0 events):
No events

Classes redefined (0 events):
No events

Internal exceptions (20 events):
Event: 2.308 Thread 0x00000133087ca930 Exception <a 'java/lang/NoSuchMethodError'{0x00000000d65fb0b0}: 'java.lang.Object java.lang.invoke.DirectMethodHandle$Holder.invokeInterface(java.lang.Object, java.lang.Object, int)'> (0x00000000d65fb0b0) 
thrown [s\src\hotspot\share\interpreter\linkResolver.cpp, line 773]
Event: 2.605 Thread 0x00000133087ca930 Exception <a 'java/lang/NoSuchMethodError'{0x00000000d6a7fbc0}: 'java.lang.ClassLoader java.lang.ClassLoader.getPlatformClassLoader(java.lang.Class)'> (0x00000000d6a7fbc0) 
thrown [s\src\hotspot\share\interpreter\linkResolver.cpp, line 773]
Event: 2.754 Thread 0x00000133087ca930 Exception <a 'java/lang/ClassNotFoundException'{0x00000000d5599248}: sun/net/www/protocol/c/Handler> (0x00000000d5599248) 
thrown [s\src\hotspot\share\classfile\systemDictionary.cpp, line 312]
Event: 2.755 Thread 0x00000133087ca930 Exception <a 'java/lang/ClassNotFoundException'{0x00000000d559a6a8}: sun/net/www/protocol/c/Handler> (0x00000000d559a6a8) 
thrown [s\src\hotspot\share\classfile\systemDictionary.cpp, line 312]
Event: 2.756 Thread 0x00000133087ca930 Exception <a 'java/lang/ClassNotFoundException'{0x00000000d559b9d0}: sun/net/www/protocol/c/Handler> (0x00000000d559b9d0) 
thrown [s\src\hotspot\share\classfile\systemDictionary.cpp, line 312]
Event: 2.791 Thread 0x00000133087ca930 Exception <a 'java/io/FileNotFoundException'{0x00000000d55c4100}> (0x00000000d55c4100) 
thrown [s\src\hotspot\share\prims\jni.cpp, line 520]
Event: 2.899 Thread 0x00000133087ca930 Implicit null exception at 0x00000133157c7bc9 to 0x00000133157c86a4
Event: 2.899 Thread 0x00000133087ca930 Implicit null exception at 0x00000133157bd29a to 0x00000133157bd4a4
Event: 2.902 Thread 0x00000133087ca930 Exception <a 'java/lang/NoSuchMethodError'{0x00000000d5770578}: 'void java.lang.invoke.DirectMethodHandle$Holder.invokeStatic(java.lang.Object, java.lang.Object, java.lang.Object, java.lang.Object)'> (0x00000000d5770578) 
thrown [s\src\hotspot\share\interpreter\linkResolver.cpp, line 773]
Event: 2.906 Thread 0x00000133087ca930 Implicit null exception at 0x00000133157c299a to 0x00000133157c2ba4
Event: 2.906 Thread 0x00000133087ca930 Implicit null exception at 0x00000133157bbe3d to 0x00000133157bbec1
Event: 3.147 Thread 0x00000133087ca930 Exception <a 'java/lang/NoSuchMethodError'{0x00000000d5a07280}: 'void java.lang.invoke.DirectMethodHandle$Holder.invokeSpecial(java.lang.Object, java.lang.Object, java.lang.Object)'> (0x00000000d5a07280) 
thrown [s\src\hotspot\share\interpreter\linkResolver.cpp, line 773]
Event: 3.631 Thread 0x00000133087ca930 Exception <a 'java/lang/NoSuchMethodError'{0x00000000d640f8d8}: 'int java.lang.invoke.DirectMethodHandle$Holder.invokeVirtual(java.lang.Object, java.lang.Object)'> (0x00000000d640f8d8) 
thrown [s\src\hotspot\share\interpreter\linkResolver.cpp, line 773]
Event: 3.719 Thread 0x00000133087ca930 Exception <a 'java/lang/NoSuchMethodError'{0x00000000d6594d10}: 'int java.lang.invoke.DirectMethodHandle$Holder.invokeStaticInit(java.lang.Object, java.lang.Object, java.lang.Object, java.lang.Object)'> (0x00000000d6594d10) 
thrown [s\src\hotspot\share\interpreter\linkResolver.cpp, line 773]
Event: 3.721 Thread 0x00000133087ca930 Exception <a 'java/lang/IncompatibleClassChangeError'{0x00000000d659d198}: Found class java.lang.Object, but interface was expected> (0x00000000d659d198) 
thrown [s\src\hotspot\share\interpreter\linkResolver.cpp, line 840]
Event: 3.722 Thread 0x00000133087ca930 Exception <a 'java/lang/NoSuchMethodError'{0x00000000d65a40c8}: 'void java.lang.invoke.DirectMethodHandle$Holder.invokeStaticInit(java.lang.Object, java.lang.Object)'> (0x00000000d65a40c8) 
thrown [s\src\hotspot\share\interpreter\linkResolver.cpp, line 773]
Event: 3.724 Thread 0x00000133087ca930 Exception <a 'java/lang/NoSuchMethodError'{0x00000000d65adb50}: 'int java.lang.invoke.DirectMethodHandle$Holder.invokeStaticInit(java.lang.Object, java.lang.Object)'> (0x00000000d65adb50) 
thrown [s\src\hotspot\share\interpreter\linkResolver.cpp, line 773]
Event: 3.825 Thread 0x00000133087ca930 Exception <a 'java/lang/NoSuchMethodError'{0x00000000d681fb58}: 'java.lang.Object java.lang.invoke.DirectMethodHandle$Holder.newInvokeSpecial(java.lang.Object, int, java.lang.Object)'> (0x00000000d681fb58) 
thrown [s\src\hotspot\share\interpreter\linkResolver.cpp, line 773]
Event: 3.936 Thread 0x00000133087ca930 Exception <a 'java/lang/ClassNotFoundException'{0x00000000d6a454b8}: sun/net/www/protocol/plurl/Handler> (0x00000000d6a454b8) 
thrown [s\src\hotspot\share\classfile\systemDictionary.cpp, line 312]
Event: 3.936 Thread 0x00000133087ca930 Exception <a 'java/lang/ClassNotFoundException'{0x00000000d6a46338}: sun/net/www/protocol/plurl/Handler> (0x00000000d6a46338) 
thrown [s\src\hotspot\share\classfile\systemDictionary.cpp, line 312]

ZGC Phase Switch (0 events):
No events

VM Operations (20 events):
Event: 2.075 Executing VM operation: HandshakeAllThreads (Deoptimize)
Event: 2.076 Executing VM operation: HandshakeAllThreads (Deoptimize) done
Event: 2.689 Executing VM operation: HandshakeAllThreads (Deoptimize)
Event: 2.689 Executing VM operation: HandshakeAllThreads (Deoptimize) done
Event: 2.723 Executing VM operation: ParallelGCFailedAllocation (Allocation Failure)
Event: 2.742 Executing VM operation: ParallelGCFailedAllocation (Allocation Failure) done
Event: 3.755 Executing VM operation: Cleanup
Event: 3.756 Executing VM operation: Cleanup done
Event: 3.781 Executing VM operation: HandshakeAllThreads (Deoptimize)
Event: 3.781 Executing VM operation: HandshakeAllThreads (Deoptimize) done
Event: 3.800 Executing VM operation: HandshakeAllThreads (Deoptimize)
Event: 3.800 Executing VM operation: HandshakeAllThreads (Deoptimize) done
Event: 3.902 Executing VM operation: HandshakeAllThreads (Deoptimize)
Event: 3.902 Executing VM operation: HandshakeAllThreads (Deoptimize) done
Event: 3.927 Executing VM operation: HandshakeAllThreads (Deoptimize)
Event: 3.927 Executing VM operation: HandshakeAllThreads (Deoptimize) done
Event: 4.937 Executing VM operation: Cleanup
Event: 4.937 Executing VM operation: Cleanup done
Event: 5.951 Executing VM operation: Cleanup
Event: 5.952 Executing VM operation: Cleanup done

Memory protections (0 events):
No events

Nmethod flushes (0 events):
No events

Events (20 events):
Event: 0.804 Thread 0x00000133087ca930 Thread added: 0x000001330aa47920
Event: 0.805 Thread 0x00000133087ca930 Thread added: 0x000001330aa4a710
Event: 0.805 Thread 0x00000133087ca930 Thread added: 0x000001330aa4d630
Event: 0.805 Thread 0x00000133087ca930 Thread added: 0x0000013364433840
Event: 0.806 Thread 0x00000133087ca930 Thread added: 0x0000013364437b40
Event: 0.806 Thread 0x00000133087ca930 Thread added: 0x0000013364438970
Event: 0.807 Thread 0x00000133087ca930 Thread added: 0x000001336443d820
Event: 0.871 Thread 0x00000133087ca930 Thread added: 0x000001330aafecf0
Event: 0.916 Thread 0x000001336443d820 Thread added: 0x0000013364625af0
Event: 1.348 Thread 0x0000013364625af0 Thread exited: 0x0000013364625af0
Event: 1.608 Thread 0x00000133087ca930 Thread added: 0x0000013364774b50
Event: 1.883 Thread 0x000001336443d820 Thread added: 0x000001336478e330
Event: 1.985 Thread 0x000001336443d820 Thread added: 0x00000133647c09c0
Event: 2.372 Thread 0x00000133647c09c0 Thread exited: 0x00000133647c09c0
Event: 2.372 Thread 0x000001336478e330 Thread exited: 0x000001336478e330
Event: 2.471 Thread 0x000001336443d820 Thread added: 0x00000133647f2700
Event: 3.313 Thread 0x000001336443d820 Thread added: 0x0000013369719890
Event: 3.751 Thread 0x00000133087ca930 Thread added: 0x00000133697b9420
Event: 4.158 Thread 0x0000013369719890 Thread exited: 0x0000013369719890
Event: 4.158 Thread 0x00000133647f2700 Thread exited: 0x00000133647f2700


Dynamic libraries:
0x00007ff68da60000 - 0x00007ff68da6e000 	c:\Users\mimit\.vscode\extensions\redhat.java-1.46.0-win32-x64\jre\21.0.8-win32-x86_64\bin\java.exe
0x00007ffb1fab0000 - 0x00007ffb1fca8000 	C:\Windows\SYSTEM32\ntdll.dll
0x00007ffb1f580000 - 0x00007ffb1f642000 	C:\Windows\System32\KERNEL32.DLL
0x00007ffb1d440000 - 0x00007ffb1d737000 	C:\Windows\System32\KERNELBASE.dll
0x00007ffb1d740000 - 0x00007ffb1d840000 	C:\Windows\System32\ucrtbase.dll
0x00007ffb15370000 - 0x00007ffb15388000 	c:\Users\mimit\.vscode\extensions\redhat.java-1.46.0-win32-x64\jre\21.0.8-win32-x86_64\bin\jli.dll
0x00007ffb15240000 - 0x00007ffb1525e000 	c:\Users\mimit\.vscode\extensions\redhat.java-1.46.0-win32-x64\jre\21.0.8-win32-x86_64\bin\VCRUNTIME140.dll
0x00007ffb1f700000 - 0x00007ffb1f89d000 	C:\Windows\System32\USER32.dll
0x00007ffb1d380000 - 0x00007ffb1d3a2000 	C:\Windows\System32\win32u.dll
0x00007ffb0bd80000 - 0x00007ffb0c01a000 	C:\Windows\WinSxS\amd64_microsoft.windows.common-controls_6595b64144ccf1df_6.0.19041.5915_none_60b4b9d171f9c7c7\COMCTL32.dll
0x00007ffb1e650000 - 0x00007ffb1e67b000 	C:\Windows\System32\GDI32.dll
0x00007ffb1f8a0000 - 0x00007ffb1f93e000 	C:\Windows\System32\msvcrt.dll
0x00007ffb1d910000 - 0x00007ffb1da29000 	C:\Windows\System32\gdi32full.dll
0x00007ffb1da30000 - 0x00007ffb1dacd000 	C:\Windows\System32\msvcp_win.dll
0x00007ffb1f940000 - 0x00007ffb1f96f000 	C:\Windows\System32\IMM32.DLL
0x00007ffb19780000 - 0x00007ffb1978c000 	c:\Users\mimit\.vscode\extensions\redhat.java-1.46.0-win32-x64\jre\21.0.8-win32-x86_64\bin\vcruntime140_1.dll
0x00007ffade5d0000 - 0x00007ffade65d000 	c:\Users\mimit\.vscode\extensions\redhat.java-1.46.0-win32-x64\jre\21.0.8-win32-x86_64\bin\msvcp140.dll
0x00007ffac9e80000 - 0x00007ffacac17000 	c:\Users\mimit\.vscode\extensions\redhat.java-1.46.0-win32-x64\jre\21.0.8-win32-x86_64\bin\server\jvm.dll
0x00007ffb1f050000 - 0x00007ffb1f101000 	C:\Windows\System32\ADVAPI32.dll
0x00007ffb1f3c0000 - 0x00007ffb1f45f000 	C:\Windows\System32\sechost.dll
0x00007ffb1e680000 - 0x00007ffb1e7a6000 	C:\Windows\System32\RPCRT4.dll
0x00007ffb1d1f0000 - 0x00007ffb1d217000 	C:\Windows\System32\bcrypt.dll
0x00007ffb1f110000 - 0x00007ffb1f17b000 	C:\Windows\System32\WS2_32.dll
0x00007ffb12190000 - 0x00007ffb121b7000 	C:\Windows\SYSTEM32\WINMM.dll
0x00007ffb1c6b0000 - 0x00007ffb1c6fb000 	C:\Windows\SYSTEM32\POWRPROF.dll
0x00007ffb14550000 - 0x00007ffb1455a000 	C:\Windows\SYSTEM32\VERSION.dll
0x00007ffb1c520000 - 0x00007ffb1c532000 	C:\Windows\SYSTEM32\UMPDC.dll
0x00007ffb1af80000 - 0x00007ffb1af92000 	C:\Windows\SYSTEM32\kernel.appcore.dll
0x00007ffb195e0000 - 0x00007ffb195ea000 	c:\Users\mimit\.vscode\extensions\redhat.java-1.46.0-win32-x64\jre\21.0.8-win32-x86_64\bin\jimage.dll
0x00007ffb15020000 - 0x00007ffb15221000 	C:\Windows\SYSTEM32\DBGHELP.DLL
0x00007ffb09280000 - 0x00007ffb092b4000 	C:\Windows\SYSTEM32\dbgcore.DLL
0x00007ffb1d3b0000 - 0x00007ffb1d432000 	C:\Windows\System32\bcryptPrimitives.dll
0x00007ffb18a60000 - 0x00007ffb18a6f000 	c:\Users\mimit\.vscode\extensions\redhat.java-1.46.0-win32-x64\jre\21.0.8-win32-x86_64\bin\instrument.dll
0x00007ffb01680000 - 0x00007ffb0169f000 	c:\Users\mimit\.vscode\extensions\redhat.java-1.46.0-win32-x64\jre\21.0.8-win32-x86_64\bin\java.dll
0x00007ffb1e7b0000 - 0x00007ffb1ef1e000 	C:\Windows\System32\SHELL32.dll
0x00007ffb1b180000 - 0x00007ffb1b924000 	C:\Windows\SYSTEM32\windows.storage.dll
0x00007ffb1e050000 - 0x00007ffb1e3a3000 	C:\Windows\System32\combase.dll
0x00007ffb1cb70000 - 0x00007ffb1cb9b000 	C:\Windows\SYSTEM32\Wldp.dll
0x00007ffb1e460000 - 0x00007ffb1e52d000 	C:\Windows\System32\OLEAUT32.dll
0x00007ffb1e3b0000 - 0x00007ffb1e45d000 	C:\Windows\System32\SHCORE.dll
0x00007ffb1e530000 - 0x00007ffb1e58b000 	C:\Windows\System32\shlwapi.dll
0x00007ffb1d070000 - 0x00007ffb1d094000 	C:\Windows\SYSTEM32\profapi.dll
0x00007ffb0b140000 - 0x00007ffb0b158000 	c:\Users\mimit\.vscode\extensions\redhat.java-1.46.0-win32-x64\jre\21.0.8-win32-x86_64\bin\zip.dll
0x00007ffb15360000 - 0x00007ffb15370000 	C:\Users\mimit\.vscode\extensions\redhat.java-1.46.0-win32-x64\jre\21.0.8-win32-x86_64\bin\net.dll
0x00007ffb149c0000 - 0x00007ffb14aca000 	C:\Windows\SYSTEM32\WINHTTP.dll
0x00007ffb1c8d0000 - 0x00007ffb1c93a000 	C:\Windows\system32\mswsock.dll
0x00007ffb016e0000 - 0x00007ffb016f6000 	C:\Users\mimit\.vscode\extensions\redhat.java-1.46.0-win32-x64\jre\21.0.8-win32-x86_64\bin\nio.dll
0x00007ffb14480000 - 0x00007ffb14490000 	c:\Users\mimit\.vscode\extensions\redhat.java-1.46.0-win32-x64\jre\21.0.8-win32-x86_64\bin\verify.dll

JVMTI agents:
c:\Users\mimit\.vscode\extensions\redhat.java-1.46.0-win32-x64\lombok\lombok-1.18.39-4050.jar path:c:\Users\mimit\.vscode\extensions\redhat.java-1.46.0-win32-x64\jre\21.0.8-win32-x86_64\bin\instrument.dll, loaded, initialized, instrumentlib options:none

dbghelp: loaded successfully - version: 4.0.5 - missing functions: none
symbol engine: initialized successfully - sym options: 0x614 - pdb path: .;c:\Users\mimit\.vscode\extensions\redhat.java-1.46.0-win32-x64\jre\21.0.8-win32-x86_64\bin;C:\Windows\SYSTEM32;C:\Windows\WinSxS\amd64_microsoft.windows.common-controls_6595b64144ccf1df_6.0.19041.5915_none_60b4b9d171f9c7c7;c:\Users\mimit\.vscode\extensions\redhat.java-1.46.0-win32-x64\jre\21.0.8-win32-x86_64\bin\server

VM Arguments:
jvm_args: --add-modules=ALL-SYSTEM --add-opens=java.base/java.util=ALL-UNNAMED --add-opens=java.base/java.lang=ALL-UNNAMED --add-opens=java.base/sun.nio.fs=ALL-UNNAMED -Declipse.application=org.eclipse.jdt.ls.core.id1 -Dosgi.bundles.defaultStartLevel=4 -Declipse.product=org.eclipse.jdt.ls.core.product -Djava.import.generatesMetadataFilesAtProjectRoot=false -DDetectVMInstallationsJob.disabled=true -Dfile.encoding=utf8 -XX:+UseParallelGC -XX:GCTimeRatio=4 -XX:AdaptiveSizePolicyWeight=90 -Dsun.zip.disableMemoryMapping=true -Xmx2G -Xms100m -Xlog:disable -javaagent:c:\Users\mimit\.vscode\extensions\redhat.java-1.46.0-win32-x64\lombok\lombok-1.18.39-4050.jar -XX:+HeapDumpOnOutOfMemoryError -XX:HeapDumpPath=c:\Users\mimit\AppData\Roaming\Code\User\workspaceStorage\19b387b537818536210b51fd068d6264\redhat.java -Daether.dependencyCollector.impl=bf 
java_command: c:\Users\mimit\.vscode\extensions\redhat.java-1.46.0-win32-x64\server\plugins\org.eclipse.equinox.launcher_1.7.0.v20250519-0528.jar -configuration c:\Users\mimit\AppData\Roaming\Code\User\globalStorage\redhat.java\1.46.0\config_win -data c:\Users\mimit\AppData\Roaming\Code\User\workspaceStorage\19b387b537818536210b51fd068d6264\redhat.java\jdt_ws --pipe=\\.\pipe\lsp-d845824392ed1fb47b4d1c5dae289b2a-sock
java_class_path (initial): c:\Users\mimit\.vscode\extensions\redhat.java-1.46.0-win32-x64\server\plugins\org.eclipse.equinox.launcher_1.7.0.v20250519-0528.jar
Launcher Type: SUN_STANDARD

[Global flags]
    uintx AdaptiveSizePolicyWeight                 = 90                                        {product} {command line}
     intx CICompilerCount                          = 4                                         {product} {ergonomic}
    uintx GCTimeRatio                              = 4                                         {product} {command line}
     bool HeapDumpOnOutOfMemoryError               = true                                   {manageable} {command line}
    ccstr HeapDumpPath                             = c:\Users\mimit\AppData\Roaming\Code\User\workspaceStorage\19b387b537818536210b51fd068d6264\redhat.java         {manageable} {command line}
   size_t InitialHeapSize                          = 104857600                                 {product} {command line}
   size_t MaxHeapSize                              = 2147483648                                {product} {command line}
   size_t MaxNewSize                               = 715653120                                 {product} {ergonomic}
   size_t MinHeapDeltaBytes                        = 524288                                    {product} {ergonomic}
   size_t MinHeapSize                              = 104857600                                 {product} {command line}
   size_t NewSize                                  = 34603008                                  {product} {ergonomic}
    uintx NonNMethodCodeHeapSize                   = 5839372                                {pd product} {ergonomic}
    uintx NonProfiledCodeHeapSize                  = 122909434                              {pd product} {ergonomic}
   size_t OldSize                                  = 70254592                                  {product} {ergonomic}
    uintx ProfiledCodeHeapSize                     = 122909434                              {pd product} {ergonomic}
    uintx ReservedCodeCacheSize                    = 251658240                              {pd product} {ergonomic}
     bool SegmentedCodeCache                       = true                                      {product} {ergonomic}
   size_t SoftMaxHeapSize                          = 2147483648                             {manageable} {ergonomic}
     bool UseCompressedOops                        = true                           {product lp64_product} {ergonomic}
     bool UseLargePagesIndividualAllocation        = false                                  {pd product} {ergonomic}
     bool UseParallelGC                            = true                                      {product} {command line}

Logging:
Log output configuration:
 #0: stdout all=off uptime,level,tags foldmultilines=false
 #1: stderr all=off uptime,level,tags foldmultilines=false

Environment Variables:
PATH=C:\Program Files\Eclipse Adoptium\jdk-19\bin;C:\oraclexe\app\oracle\product\11.2.0\server\bin;C:\Program Files\Common Files\Oracle\Java\javapath;C:\Program Files (x86)\Common Files\Oracle\Java\javapath;C:\Program Files\Microsoft\jdk-11.0.12.7-hotspot\bin;C:\Windows\system32;C:\Windows;C:\Windows\System32\Wbem;C:\Windows\System32\WindowsPowerShell\v1.0\;C:\Windows\System32\OpenSSH\;C:\Program Files\Git\cmd;C:\Users\mimit\OneDrive\Documentos\GitHub\webapp3a\backend\movieframe\apache-maven-3.9.1\bin;C:\apache-cassandra-3.11.14\bin;C:\mongodb\bin;C:\Program Files\PuTTY\;C:\ProgramData\chocolatey\bin;C:\Users\mimit\AppData\Local\Programs\Python312\Scripts;C:\Users\mimit\AppData\Local\Programs\Python312;C:\Program Files\nodejs\;C:\javafx-sdk-21.0.6\bin;C:\Program Files\Inkscape\bin;C:\Program Files (x86)\Windows Kits\10\Windows Performance Toolkit\;C:\Program Files\Docker\Docker\resources\bin;C:\Users\mimit\.fly\bin;C:\Users\mimit\AppData\Roaming\local\bin;C:\Program Files\MySQL\MySQL Shell 8.0\bin\;C:\Users\mimit\AppData\Local\Microsoft\WindowsApps;C:\Users\mimit\AppData\Local\Programs\Microsoft VS Code\bin;C:\Users\mimit\AppData\Local\GitHubDesktop\bin;C:\ProgramData\mimit\GitHubDesktop\bin;C:\Users\mimit\AppData\Roaming\cabal\bin;C:\tools\ghc-9.6.2\bin;C:\tools\msys64;C:\ghcup\bin;C:\Users\mimit\AppData\Roaming\npm;C:\Users\mimit\AppData\Local\Microsoft\WinGet\Packages\Schniz.fnm_Microsoft.Winget.Source_8wekyb3d8bbwe
USERNAME=mimit
OS=Windows_NT
PROCESSOR_IDENTIFIER=AMD64 Family 23 Model 104 Stepping 1, AuthenticAMD
TMP=C:\Users\mimit\AppData\Local\Temp
TEMP=C:\Users\mimit\AppData\Local\Temp




Periodic native trim disabled

---------------  S Y S T E M  ---------------

OS:
 Windows 10 , 64 bit Build 19041 (10.0.19041.5915)
OS uptime: 0 days 0:12 hours
Hyper-V role detected

CPU: total 12 (initial active 12) (12 cores per cpu, 2 threads per core) family 23 model 104 stepping 1 microcode 0x0, cx8, cmov, fxsr, ht, mmx, 3dnowpref, sse, sse2, sse3, ssse3, sse4a, sse4.1, sse4.2, popcnt, lzcnt, tsc, tscinvbit, avx, avx2, aes, clmul, bmi1, bmi2, adx, sha, fma, vzeroupper, clflush, clflushopt, hv, rdtscp, rdpid, f16c
Processor Information for the first 12 processors :
  Max Mhz: 2100, Current Mhz: 1670, Mhz Limit: 2100

Memory: 4k page, system-wide physical 15772M (347M free)
TotalPageFile size 22495M (AvailPageFile size 0M)
current process WorkingSet (physical memory assigned to process): 80M, peak: 89M
current process commit charge ("private bytes"): 241M, peak: 249M

vm_info: OpenJDK 64-Bit Server VM (21.0.8+9-LTS) for windows-amd64 JRE (21.0.8+9-LTS), built on 2025-07-15T00:00:00Z by "admin" with MS VC++ 17.7 (VS2022)

END.
